{"name": "Guest explores shore excursions destinations", "status": "broken", "statusDetails": {"message": "selenium.common.exceptions.ElementClickInterceptedException: Message: element click intercepted: Element <li class=\"active-result highlighted\" data-option-array-index=\"2\" style=\"\">...</li> is not clickable at point (315, 504). Other element would receive the click: <div id=\"IPEbgCover850\" style=\"position: fixed; left: 0px; top: 0px; display: block;margin:0;padding:0 z-index: 2147483646; background-color: black; width: 100%; height: 110%;opacity: 0.50; filter: progid:DXImageTransform.Microsoft.Alpha(opacity=50);\"></div>\n  (Session info: chrome=78.0.3904.108)\n\n", "trace": "  File \"c:\\users\\rapid\\appdata\\local\\programs\\python\\python38-32\\lib\\site-packages\\behave\\model.py\", line 1329, in run\n    match.run(runner.context)\n  File \"c:\\users\\rapid\\appdata\\local\\programs\\python\\python38-32\\lib\\site-packages\\behave\\matchers.py\", line 98, in run\n    self.func(context, *args, **kwargs)\n  File \"features\\steps\\guest_explores_shore_excursions_destinations_steps.py\", line 6, in search_excursions\n    context.app.shore_excursions.search_destination(search_word)\n  File \"C:\\Everything\\My_docs\\Self_development\\IT\\Testing\\Automation_08_09_2019\\ncl_qa_challenge_dt_12_12_2019\\pages\\shore_excursions.py\", line 25, in search_destination\n    self.click(*self.SEARCH_RESULT)\n  File \"C:\\Everything\\My_docs\\Self_development\\IT\\Testing\\Automation_08_09_2019\\ncl_qa_challenge_dt_12_12_2019\\pages\\base_page.py\", line 17, in click\n    self.driver.find_element(*locator).click()\n  File \"c:\\users\\rapid\\appdata\\local\\programs\\python\\python38-32\\lib\\site-packages\\selenium\\webdriver\\remote\\webelement.py\", line 80, in click\n    self._execute(Command.CLICK_ELEMENT)\n  File \"c:\\users\\rapid\\appdata\\local\\programs\\python\\python38-32\\lib\\site-packages\\selenium\\webdriver\\remote\\webelement.py\", line 633, in _execute\n    return self._parent.execute(command, params)\n  File \"c:\\users\\rapid\\appdata\\local\\programs\\python\\python38-32\\lib\\site-packages\\selenium\\webdriver\\remote\\webdriver.py\", line 321, in execute\n    self.error_handler.check_response(response)\n  File \"c:\\users\\rapid\\appdata\\local\\programs\\python\\python38-32\\lib\\site-packages\\selenium\\webdriver\\remote\\errorhandler.py\", line 242, in check_response\n    raise exception_class(message, screen, stacktrace)\n"}, "steps": [{"name": "Given a Guest", "status": "passed", "start": 1579743052317, "stop": 1579743062148}, {"name": "And I am on Homepage", "status": "passed", "start": 1579743062148, "stop": 1579743067365}, {"name": "And I navigated to \"Shore Excursion\" page", "status": "passed", "start": 1579743067365, "stop": 1579743068569}, {"name": "When I search for destination \"Alaska Cruises\"", "status": "broken", "statusDetails": {"message": "selenium.common.exceptions.ElementClickInterceptedException: Message: element click intercepted: Element <li class=\"active-result highlighted\" data-option-array-index=\"2\" style=\"\">...</li> is not clickable at point (315, 504). Other element would receive the click: <div id=\"IPEbgCover850\" style=\"position: fixed; left: 0px; top: 0px; display: block;margin:0;padding:0 z-index: 2147483646; background-color: black; width: 100%; height: 110%;opacity: 0.50; filter: progid:DXImageTransform.Microsoft.Alpha(opacity=50);\"></div>\n  (Session info: chrome=78.0.3904.108)\n\n", "trace": "  File \"c:\\users\\rapid\\appdata\\local\\programs\\python\\python38-32\\lib\\site-packages\\behave\\model.py\", line 1329, in run\n    match.run(runner.context)\n  File \"c:\\users\\rapid\\appdata\\local\\programs\\python\\python38-32\\lib\\site-packages\\behave\\matchers.py\", line 98, in run\n    self.func(context, *args, **kwargs)\n  File \"features\\steps\\guest_explores_shore_excursions_destinations_steps.py\", line 6, in search_excursions\n    context.app.shore_excursions.search_destination(search_word)\n  File \"C:\\Everything\\My_docs\\Self_development\\IT\\Testing\\Automation_08_09_2019\\ncl_qa_challenge_dt_12_12_2019\\pages\\shore_excursions.py\", line 25, in search_destination\n    self.click(*self.SEARCH_RESULT)\n  File \"C:\\Everything\\My_docs\\Self_development\\IT\\Testing\\Automation_08_09_2019\\ncl_qa_challenge_dt_12_12_2019\\pages\\base_page.py\", line 17, in click\n    self.driver.find_element(*locator).click()\n  File \"c:\\users\\rapid\\appdata\\local\\programs\\python\\python38-32\\lib\\site-packages\\selenium\\webdriver\\remote\\webelement.py\", line 80, in click\n    self._execute(Command.CLICK_ELEMENT)\n  File \"c:\\users\\rapid\\appdata\\local\\programs\\python\\python38-32\\lib\\site-packages\\selenium\\webdriver\\remote\\webelement.py\", line 633, in _execute\n    return self._parent.execute(command, params)\n  File \"c:\\users\\rapid\\appdata\\local\\programs\\python\\python38-32\\lib\\site-packages\\selenium\\webdriver\\remote\\webdriver.py\", line 321, in execute\n    self.error_handler.check_response(response)\n  File \"c:\\users\\rapid\\appdata\\local\\programs\\python\\python38-32\\lib\\site-packages\\selenium\\webdriver\\remote\\errorhandler.py\", line 242, in check_response\n    raise exception_class(message, screen, stacktrace)\n"}, "start": 1579743068570, "stop": 1579743075638}, {"name": "Then Shore Excursions page is present", "status": "skipped", "start": 1579743078293, "stop": 1579743078293}, {"name": "And Results are filtered by \"Alaska Cruises\"", "status": "skipped", "start": 1579743078293, "stop": 1579743078293}, {"name": "And Filter By Ports are only belong to \"Alaska, British Columbia\"", "status": "skipped", "start": 1579743078293, "stop": 1579743078293}], "start": 1579743043150, "stop": 1579743078293, "uuid": "8135431e-5f4f-46c7-bcc8-70dbe74c18f9", "historyId": "14ee85e4e913f5749b86250e90ad6bcf", "labels": [{"name": "severity", "value": "normal"}, {"name": "feature", "value": "Guest explores shore excursions destinations"}, {"name": "framework", "value": "behave"}, {"name": "language", "value": "cpython3"}]}